<?xml version="1.0" encoding="UTF-8"?>
<!-- Generated by org.testng.reporters.JUnitReportReporter -->
<testsuite skipped="0" hostname="DESKTOP-645NAMT" name="com.InfoTrack.Login.Login_Index_Test" tests="2" failures="0" timestamp="04 Dec 2020 00:34:56 GMT" time="25.726" errors="0">
  <testcase name="verifyLoginWithValidInputs" time="15.014" classname="com.InfoTrack.Login.Login_Index_Test"/>
  <testcase name="verifyLoginWithInvalidEmail" time="10.712" classname="com.InfoTrack.Login.Login_Index_Test"/>
</testsuite> <!-- com.InfoTrack.Login.Login_Index_Test -->
