<?xml version="1.0" encoding="UTF-8"?>
<!-- Generated by org.testng.reporters.JUnitReportReporter -->
<testsuite skipped="0" hostname="DESKTOP-645NAMT" name="com.InfoTrack.Login.Login_Index_Test" tests="2" failures="0" timestamp="06 Dec 2020 00:25:05 GMT" time="31.319" errors="0">
  <testcase name="verifyLoginWithInvalidEmail" time="12.881" classname="com.InfoTrack.Login.Login_Index_Test"/>
  <testcase name="verifyLoginWithValidInputs" time="18.438" classname="com.InfoTrack.Login.Login_Index_Test"/>
</testsuite> <!-- com.InfoTrack.Login.Login_Index_Test -->
